
> google-ads-dashboard@0.1.0 dev
> vite

[33mThe CJS build of Vite's Node API is deprecated. See https://vite.dev/guide/troubleshooting.html#vite-cjs-node-api-deprecated for more details.[39m
Forced re-optimization of dependencies

  VITE v5.4.19  ready in 131 ms

  ➜  Local:   http://localhost:5173/
  ➜  Network: http://172.30.0.2:5173/
Error:   Failed to scan for dependencies from entries:
  /workspace/index.html

  [31m✘ [41;31m[[41;97mERROR[41;31m][0m [1mExpected "(" but found "!=="[0m

    src/config/environment.js:6:20:
[37m      6 │   if (typeof import [32m!==[37m 'undefined' && import.meta && import.meta.e...
        │                     [32m~~~[37m
        ╵                     [32m([0m


    at failureErrorWithLog (/workspace/node_modules/esbuild/lib/main.js:1472:15)
    at /workspace/node_modules/esbuild/lib/main.js:945:25
    at runOnEndCallbacks (/workspace/node_modules/esbuild/lib/main.js:1315:45)
    at buildResponseToResult (/workspace/node_modules/esbuild/lib/main.js:943:7)
    at /workspace/node_modules/esbuild/lib/main.js:955:9
    at new Promise (<anonymous>)
    at requestCallbacks.on-end (/workspace/node_modules/esbuild/lib/main.js:954:54)
    at handleRequest (/workspace/node_modules/esbuild/lib/main.js:647:17)
    at handleIncomingPacket (/workspace/node_modules/esbuild/lib/main.js:672:7)
    at Socket.readFromStdout (/workspace/node_modules/esbuild/lib/main.js:600:7)
